;  LST file generated by mikroListExporter - v.2.0 
; Date/Time: 21/11/2025 7:18:15 pm
;----------------------------------------------

;Address Opcode 	ASM
0x0000	0x2816      	GOTO       22
_____DoICP:
;__Lib_System.c,6 :: 		
;__Lib_System.c,9 :: 		
0x0003	0x1283      	BCF        STATUS, 5
0x0004	0x1303      	BCF        STATUS, 6
0x0005	0x0821      	MOVF       ___DoICPAddr+1, 0
0x0006	0x008A      	MOVWF      PCLATH
;__Lib_System.c,10 :: 		
0x0007	0x0820      	MOVF       ___DoICPAddr, 0
0x0008	0x0082      	MOVWF      PCL
;__Lib_System.c,12 :: 		
L_end_____DoICP:
0x0009	0x0008      	RETURN
; end of _____DoICP
___CC2DW:
;__Lib_System.c,134 :: 		
;__Lib_System.c,137 :: 		
_CC2D_Loop1:
;__Lib_System.c,139 :: 		
0x000A	0x2003      	CALL       _____DoICP
0x000B	0x118A      	BCF        PCLATH, 3
0x000C	0x120A      	BCF        PCLATH, 4
;__Lib_System.c,141 :: 		
0x000D	0x0080      	MOVWF      INDF
;__Lib_System.c,142 :: 		
0x000E	0x0A84      	INCF       FSR, 1
;__Lib_System.c,143 :: 		
0x000F	0x0AA0      	INCF       ___DoICPAddr, 1
;__Lib_System.c,145 :: 		
0x0010	0x1903      	BTFSC      STATUS, 2
;__Lib_System.c,146 :: 		
0x0011	0x0AA1      	INCF       ___DoICPAddr+1, 1
;__Lib_System.c,147 :: 		
0x0012	0x03F0      	DECF       R0, 1
;__Lib_System.c,149 :: 		
0x0013	0x1D03      	BTFSS      STATUS, 2
;__Lib_System.c,150 :: 		
0x0014	0x280A      	GOTO       _CC2D_Loop1
;__Lib_System.c,152 :: 		
L_end___CC2DW:
0x0015	0x0008      	RETURN
; end of ___CC2DW
_main:
;MyProject.c,1 :: 		void main() {
;MyProject.c,3 :: 		int count = 0;       // Counter for Port C display
0x0016	0x1283      	BCF        STATUS, 5
0x0017	0x1303      	BCF        STATUS, 6
0x0018	0x01A2      	CLRF       main_count_L0
0x0019	0x01A3      	CLRF       main_count_L0+1
;MyProject.c,5 :: 		TrisB = 0b00000000;
0x001A	0x1683      	BSF        STATUS, 5
0x001B	0x0186      	CLRF       TRISB
;MyProject.c,6 :: 		TrisC = 0b00000000;  // Configure Port C as output
0x001C	0x0187      	CLRF       TRISC
;MyProject.c,7 :: 		PortB = 0b00000000;
0x001D	0x1283      	BCF        STATUS, 5
0x001E	0x0186      	CLRF       PORTB
;MyProject.c,8 :: 		PortC = 0b00000000;  // Initialize Port C
0x001F	0x0187      	CLRF       PORTC
;MyProject.c,12 :: 		while (1) {
L_main0:
;MyProject.c,14 :: 		PortB = 0b00111111;
0x0020	0x303F      	MOVLW      63
0x0021	0x0086      	MOVWF      PORTB
;MyProject.c,15 :: 		delay_ms(50);
0x0022	0x3082      	MOVLW      130
0x0023	0x00FC      	MOVWF      R12
0x0024	0x30DD      	MOVLW      221
0x0025	0x00FD      	MOVWF      R13
L_main2:
0x0026	0x0BFD      	DECFSZ     R13, 1
0x0027	0x2826      	GOTO       L_main2
0x0028	0x0BFC      	DECFSZ     R12, 1
0x0029	0x2826      	GOTO       L_main2
0x002A	0x0000      	NOP
0x002B	0x0000      	NOP
;MyProject.c,18 :: 		PortB = 0b00000110;
0x002C	0x3006      	MOVLW      6
0x002D	0x0086      	MOVWF      PORTB
;MyProject.c,19 :: 		delay_ms(50);
0x002E	0x3082      	MOVLW      130
0x002F	0x00FC      	MOVWF      R12
0x0030	0x30DD      	MOVLW      221
0x0031	0x00FD      	MOVWF      R13
L_main3:
0x0032	0x0BFD      	DECFSZ     R13, 1
0x0033	0x2832      	GOTO       L_main3
0x0034	0x0BFC      	DECFSZ     R12, 1
0x0035	0x2832      	GOTO       L_main3
0x0036	0x0000      	NOP
0x0037	0x0000      	NOP
;MyProject.c,22 :: 		PortB = 0b01011011;
0x0038	0x305B      	MOVLW      91
0x0039	0x0086      	MOVWF      PORTB
;MyProject.c,23 :: 		delay_ms(50);
0x003A	0x3082      	MOVLW      130
0x003B	0x00FC      	MOVWF      R12
0x003C	0x30DD      	MOVLW      221
0x003D	0x00FD      	MOVWF      R13
L_main4:
0x003E	0x0BFD      	DECFSZ     R13, 1
0x003F	0x283E      	GOTO       L_main4
0x0040	0x0BFC      	DECFSZ     R12, 1
0x0041	0x283E      	GOTO       L_main4
0x0042	0x0000      	NOP
0x0043	0x0000      	NOP
;MyProject.c,26 :: 		PortB = 0b01001111;
0x0044	0x304F      	MOVLW      79
0x0045	0x0086      	MOVWF      PORTB
;MyProject.c,27 :: 		delay_ms(50);
0x0046	0x3082      	MOVLW      130
0x0047	0x00FC      	MOVWF      R12
0x0048	0x30DD      	MOVLW      221
0x0049	0x00FD      	MOVWF      R13
L_main5:
0x004A	0x0BFD      	DECFSZ     R13, 1
0x004B	0x284A      	GOTO       L_main5
0x004C	0x0BFC      	DECFSZ     R12, 1
0x004D	0x284A      	GOTO       L_main5
0x004E	0x0000      	NOP
0x004F	0x0000      	NOP
;MyProject.c,30 :: 		PortB = 0b01100110;
0x0050	0x3066      	MOVLW      102
0x0051	0x0086      	MOVWF      PORTB
;MyProject.c,31 :: 		delay_ms(50);
0x0052	0x3082      	MOVLW      130
0x0053	0x00FC      	MOVWF      R12
0x0054	0x30DD      	MOVLW      221
0x0055	0x00FD      	MOVWF      R13
L_main6:
0x0056	0x0BFD      	DECFSZ     R13, 1
0x0057	0x2856      	GOTO       L_main6
0x0058	0x0BFC      	DECFSZ     R12, 1
0x0059	0x2856      	GOTO       L_main6
0x005A	0x0000      	NOP
0x005B	0x0000      	NOP
;MyProject.c,34 :: 		PortB = 0b01101101;
0x005C	0x306D      	MOVLW      109
0x005D	0x0086      	MOVWF      PORTB
;MyProject.c,35 :: 		delay_ms(50);
0x005E	0x3082      	MOVLW      130
0x005F	0x00FC      	MOVWF      R12
0x0060	0x30DD      	MOVLW      221
0x0061	0x00FD      	MOVWF      R13
L_main7:
0x0062	0x0BFD      	DECFSZ     R13, 1
0x0063	0x2862      	GOTO       L_main7
0x0064	0x0BFC      	DECFSZ     R12, 1
0x0065	0x2862      	GOTO       L_main7
0x0066	0x0000      	NOP
0x0067	0x0000      	NOP
;MyProject.c,38 :: 		PortB = 0b01111101;
0x0068	0x307D      	MOVLW      125
0x0069	0x0086      	MOVWF      PORTB
;MyProject.c,39 :: 		delay_ms(50);
0x006A	0x3082      	MOVLW      130
0x006B	0x00FC      	MOVWF      R12
0x006C	0x30DD      	MOVLW      221
0x006D	0x00FD      	MOVWF      R13
L_main8:
0x006E	0x0BFD      	DECFSZ     R13, 1
0x006F	0x286E      	GOTO       L_main8
0x0070	0x0BFC      	DECFSZ     R12, 1
0x0071	0x286E      	GOTO       L_main8
0x0072	0x0000      	NOP
0x0073	0x0000      	NOP
;MyProject.c,42 :: 		PortB = 0b00000111;
0x0074	0x3007      	MOVLW      7
0x0075	0x0086      	MOVWF      PORTB
;MyProject.c,43 :: 		delay_ms(50);
0x0076	0x3082      	MOVLW      130
0x0077	0x00FC      	MOVWF      R12
0x0078	0x30DD      	MOVLW      221
0x0079	0x00FD      	MOVWF      R13
L_main9:
0x007A	0x0BFD      	DECFSZ     R13, 1
0x007B	0x287A      	GOTO       L_main9
0x007C	0x0BFC      	DECFSZ     R12, 1
0x007D	0x287A      	GOTO       L_main9
0x007E	0x0000      	NOP
0x007F	0x0000      	NOP
;MyProject.c,46 :: 		PortB = 0b01111111;
0x0080	0x307F      	MOVLW      127
0x0081	0x0086      	MOVWF      PORTB
;MyProject.c,47 :: 		delay_ms(50);
0x0082	0x3082      	MOVLW      130
0x0083	0x00FC      	MOVWF      R12
0x0084	0x30DD      	MOVLW      221
0x0085	0x00FD      	MOVWF      R13
L_main10:
0x0086	0x0BFD      	DECFSZ     R13, 1
0x0087	0x2886      	GOTO       L_main10
0x0088	0x0BFC      	DECFSZ     R12, 1
0x0089	0x2886      	GOTO       L_main10
0x008A	0x0000      	NOP
0x008B	0x0000      	NOP
;MyProject.c,50 :: 		PortB = 0b01100111;
0x008C	0x3067      	MOVLW      103
0x008D	0x0086      	MOVWF      PORTB
;MyProject.c,53 :: 		switch(count) {
0x008E	0x28AD      	GOTO       L_main11
;MyProject.c,54 :: 		case 0:
L_main13:
;MyProject.c,55 :: 		PortC = 0b00111111; // 0
0x008F	0x303F      	MOVLW      63
0x0090	0x0087      	MOVWF      PORTC
;MyProject.c,56 :: 		break;
0x0091	0x28FD      	GOTO       L_main12
;MyProject.c,57 :: 		case 1:
L_main14:
;MyProject.c,58 :: 		PortC = 0b00000110; // 1
0x0092	0x3006      	MOVLW      6
0x0093	0x0087      	MOVWF      PORTC
;MyProject.c,59 :: 		break;
0x0094	0x28FD      	GOTO       L_main12
;MyProject.c,60 :: 		case 2:
L_main15:
;MyProject.c,61 :: 		PortC = 0b01011011; // 2
0x0095	0x305B      	MOVLW      91
0x0096	0x0087      	MOVWF      PORTC
;MyProject.c,62 :: 		break;
0x0097	0x28FD      	GOTO       L_main12
;MyProject.c,63 :: 		case 3:
L_main16:
;MyProject.c,64 :: 		PortC = 0b01001111; // 3
0x0098	0x304F      	MOVLW      79
0x0099	0x0087      	MOVWF      PORTC
;MyProject.c,65 :: 		break;
0x009A	0x28FD      	GOTO       L_main12
;MyProject.c,66 :: 		case 4:
L_main17:
;MyProject.c,67 :: 		PortC = 0b01100110; // 4
0x009B	0x3066      	MOVLW      102
0x009C	0x0087      	MOVWF      PORTC
;MyProject.c,68 :: 		break;
0x009D	0x28FD      	GOTO       L_main12
;MyProject.c,69 :: 		case 5:
L_main18:
;MyProject.c,70 :: 		PortC = 0b01101101; // 5
0x009E	0x306D      	MOVLW      109
0x009F	0x0087      	MOVWF      PORTC
;MyProject.c,71 :: 		break;
0x00A0	0x28FD      	GOTO       L_main12
;MyProject.c,72 :: 		case 6:
L_main19:
;MyProject.c,73 :: 		PortC = 0b01111101; // 6
0x00A1	0x307D      	MOVLW      125
0x00A2	0x0087      	MOVWF      PORTC
;MyProject.c,74 :: 		break;
0x00A3	0x28FD      	GOTO       L_main12
;MyProject.c,75 :: 		case 7:
L_main20:
;MyProject.c,76 :: 		PortC = 0b00000111; // 7
0x00A4	0x3007      	MOVLW      7
0x00A5	0x0087      	MOVWF      PORTC
;MyProject.c,77 :: 		break;
0x00A6	0x28FD      	GOTO       L_main12
;MyProject.c,78 :: 		case 8:
L_main21:
;MyProject.c,79 :: 		PortC = 0b01111111; // 8
0x00A7	0x307F      	MOVLW      127
0x00A8	0x0087      	MOVWF      PORTC
;MyProject.c,80 :: 		break;
0x00A9	0x28FD      	GOTO       L_main12
;MyProject.c,81 :: 		case 9:
L_main22:
;MyProject.c,82 :: 		PortC = 0b01100111; // 9
0x00AA	0x3067      	MOVLW      103
0x00AB	0x0087      	MOVWF      PORTC
;MyProject.c,83 :: 		break;
0x00AC	0x28FD      	GOTO       L_main12
;MyProject.c,84 :: 		}
L_main11:
0x00AD	0x3000      	MOVLW      0
0x00AE	0x0623      	XORWF      main_count_L0+1, 0
0x00AF	0x1D03      	BTFSS      STATUS, 2
0x00B0	0x28B3      	GOTO       L__main26
0x00B1	0x3000      	MOVLW      0
0x00B2	0x0622      	XORWF      main_count_L0, 0
L__main26:
0x00B3	0x1903      	BTFSC      STATUS, 2
0x00B4	0x288F      	GOTO       L_main13
0x00B5	0x3000      	MOVLW      0
0x00B6	0x0623      	XORWF      main_count_L0+1, 0
0x00B7	0x1D03      	BTFSS      STATUS, 2
0x00B8	0x28BB      	GOTO       L__main27
0x00B9	0x3001      	MOVLW      1
0x00BA	0x0622      	XORWF      main_count_L0, 0
L__main27:
0x00BB	0x1903      	BTFSC      STATUS, 2
0x00BC	0x2892      	GOTO       L_main14
0x00BD	0x3000      	MOVLW      0
0x00BE	0x0623      	XORWF      main_count_L0+1, 0
0x00BF	0x1D03      	BTFSS      STATUS, 2
0x00C0	0x28C3      	GOTO       L__main28
0x00C1	0x3002      	MOVLW      2
0x00C2	0x0622      	XORWF      main_count_L0, 0
L__main28:
0x00C3	0x1903      	BTFSC      STATUS, 2
0x00C4	0x2895      	GOTO       L_main15
0x00C5	0x3000      	MOVLW      0
0x00C6	0x0623      	XORWF      main_count_L0+1, 0
0x00C7	0x1D03      	BTFSS      STATUS, 2
0x00C8	0x28CB      	GOTO       L__main29
0x00C9	0x3003      	MOVLW      3
0x00CA	0x0622      	XORWF      main_count_L0, 0
L__main29:
0x00CB	0x1903      	BTFSC      STATUS, 2
0x00CC	0x2898      	GOTO       L_main16
0x00CD	0x3000      	MOVLW      0
0x00CE	0x0623      	XORWF      main_count_L0+1, 0
0x00CF	0x1D03      	BTFSS      STATUS, 2
0x00D0	0x28D3      	GOTO       L__main30
0x00D1	0x3004      	MOVLW      4
0x00D2	0x0622      	XORWF      main_count_L0, 0
L__main30:
0x00D3	0x1903      	BTFSC      STATUS, 2
0x00D4	0x289B      	GOTO       L_main17
0x00D5	0x3000      	MOVLW      0
0x00D6	0x0623      	XORWF      main_count_L0+1, 0
0x00D7	0x1D03      	BTFSS      STATUS, 2
0x00D8	0x28DB      	GOTO       L__main31
0x00D9	0x3005      	MOVLW      5
0x00DA	0x0622      	XORWF      main_count_L0, 0
L__main31:
0x00DB	0x1903      	BTFSC      STATUS, 2
0x00DC	0x289E      	GOTO       L_main18
0x00DD	0x3000      	MOVLW      0
0x00DE	0x0623      	XORWF      main_count_L0+1, 0
0x00DF	0x1D03      	BTFSS      STATUS, 2
0x00E0	0x28E3      	GOTO       L__main32
0x00E1	0x3006      	MOVLW      6
0x00E2	0x0622      	XORWF      main_count_L0, 0
L__main32:
0x00E3	0x1903      	BTFSC      STATUS, 2
0x00E4	0x28A1      	GOTO       L_main19
0x00E5	0x3000      	MOVLW      0
0x00E6	0x0623      	XORWF      main_count_L0+1, 0
0x00E7	0x1D03      	BTFSS      STATUS, 2
0x00E8	0x28EB      	GOTO       L__main33
0x00E9	0x3007      	MOVLW      7
0x00EA	0x0622      	XORWF      main_count_L0, 0
L__main33:
0x00EB	0x1903      	BTFSC      STATUS, 2
0x00EC	0x28A4      	GOTO       L_main20
0x00ED	0x3000      	MOVLW      0
0x00EE	0x0623      	XORWF      main_count_L0+1, 0
0x00EF	0x1D03      	BTFSS      STATUS, 2
0x00F0	0x28F3      	GOTO       L__main34
0x00F1	0x3008      	MOVLW      8
0x00F2	0x0622      	XORWF      main_count_L0, 0
L__main34:
0x00F3	0x1903      	BTFSC      STATUS, 2
0x00F4	0x28A7      	GOTO       L_main21
0x00F5	0x3000      	MOVLW      0
0x00F6	0x0623      	XORWF      main_count_L0+1, 0
0x00F7	0x1D03      	BTFSS      STATUS, 2
0x00F8	0x28FB      	GOTO       L__main35
0x00F9	0x3009      	MOVLW      9
0x00FA	0x0622      	XORWF      main_count_L0, 0
L__main35:
0x00FB	0x1903      	BTFSC      STATUS, 2
0x00FC	0x28AA      	GOTO       L_main22
L_main12:
;MyProject.c,86 :: 		count++;
0x00FD	0x0AA2      	INCF       main_count_L0, 1
0x00FE	0x1903      	BTFSC      STATUS, 2
0x00FF	0x0AA3      	INCF       main_count_L0+1, 1
;MyProject.c,87 :: 		if(count > 9) count = 0;  // Reset counter after 9
0x0100	0x3080      	MOVLW      128
0x0101	0x00F0      	MOVWF      R0
0x0102	0x3080      	MOVLW      128
0x0103	0x0623      	XORWF      main_count_L0+1, 0
0x0104	0x0270      	SUBWF      R0, 0
0x0105	0x1D03      	BTFSS      STATUS, 2
0x0106	0x2909      	GOTO       L__main36
0x0107	0x0822      	MOVF       main_count_L0, 0
0x0108	0x3C09      	SUBLW      9
L__main36:
0x0109	0x1803      	BTFSC      STATUS, 0
0x010A	0x290D      	GOTO       L_main23
0x010B	0x01A2      	CLRF       main_count_L0
0x010C	0x01A3      	CLRF       main_count_L0+1
L_main23:
;MyProject.c,89 :: 		delay_ms(100);
0x010D	0x3002      	MOVLW      2
0x010E	0x00FB      	MOVWF      R11
0x010F	0x3004      	MOVLW      4
0x0110	0x00FC      	MOVWF      R12
0x0111	0x30BA      	MOVLW      186
0x0112	0x00FD      	MOVWF      R13
L_main24:
0x0113	0x0BFD      	DECFSZ     R13, 1
0x0114	0x2913      	GOTO       L_main24
0x0115	0x0BFC      	DECFSZ     R12, 1
0x0116	0x2913      	GOTO       L_main24
0x0117	0x0BFB      	DECFSZ     R11, 1
0x0118	0x2913      	GOTO       L_main24
0x0119	0x0000      	NOP
;MyProject.c,90 :: 		}
0x011A	0x2820      	GOTO       L_main0
;MyProject.c,91 :: 		}
L_end_main:
0x011B	0x291B      	GOTO       $+0
; end of _main
Symbol List:
//** Routines locations **
//ADDRESS    SIZE    PROCEDURE
//----------------------------------------------
0x0003       [7]    _____DoICP
0x000A      [12]    ___CC2DW
0x0016     [262]    _main
//** Variables locations ** 
//ADDRESS    SIZE    VARIABLE
//----------------------------------------------
0x0000       [1]    INDF
0x0002       [1]    PCL
0x0003       [1]    STATUS
0x0004       [1]    FSR
0x0006       [1]    PORTB
0x0007       [1]    PORTC
0x000A       [1]    PCLATH
0x0020       [2]    ___DoICPAddr
0x0022       [2]    main_count_L0
0x0070       [1]    R0
0x0071       [1]    R1
0x0072       [1]    R2
0x0073       [1]    R3
0x0074       [1]    R4
0x0075       [1]    R5
0x0076       [1]    R6
0x0077       [1]    R7
0x0078       [1]    R8
0x0079       [1]    R9
0x007A       [1]    R10
0x007B       [1]    R11
0x007C       [1]    R12
0x007D       [1]    R13
0x007E       [1]    R14
0x007F       [1]    R15
0x0086       [1]    TRISB
0x0087       [1]    TRISC
